<?xml version="1.0" encoding="UTF-8"?>
<!-- Generated by org.testng.reporters.JUnitXMLReporter -->
<testsuite hostname="LAPTOP-VEMGEP59" ignored="8" name="Regression" tests="3" failures="0" timestamp="2020-02-02T19:00:52 PST" time="0.05" errors="0">
  <testcase name="Loan" time="0.009" classname="Test.day2"/>
  <testcase name="apiLoginCarLoan" time="0.003" classname="Test.day3"/>
  <testcase name="webLoginHomeLoan" time="0.001" classname="Test.day4"/>
  <testcase name="webLoginCarLoan" time="0.0" classname="Test.day3">
    <ignored/>
  </testcase> <!-- webLoginCarLoan -->
  <testcase name="Demo" time="0.0" classname="Test.Basics">
    <ignored/>
  </testcase> <!-- Demo -->
  <testcase name="mobileSigninHomeLoan" time="0.0" classname="Test.day4">
    <ignored/>
  </testcase> <!-- mobileSigninHomeLoan -->
  <testcase name="SecondTest" time="0.0" classname="Test.Basics">
    <ignored/>
  </testcase> <!-- SecondTest -->
  <testcase name="mobileSignoutHomeLoan" time="0.0" classname="Test.day4">
    <ignored/>
  </testcase> <!-- mobileSignoutHomeLoan -->
  <testcase name="mobileLoginCarLoan" time="0.0" classname="Test.day3">
    <ignored/>
  </testcase> <!-- mobileLoginCarLoan -->
  <testcase name="apiLoginHomeLoan" time="0.0" classname="Test.day4">
    <ignored/>
  </testcase> <!-- apiLoginHomeLoan -->
  <testcase name="mobileLoginHomeLoan" time="0.0" classname="Test.day4">
    <ignored/>
  </testcase> <!-- mobileLoginHomeLoan -->
</testsuite> <!-- Regression -->
