<?xml version="1.0" encoding="UTF-8"?>
<testng-results skipped="0" failed="0" ignored="0" total="3" passed="3">
  <reporter-output>
  </reporter-output>
  <suite name="Default suite" duration-ms="13272" started-at="2020-02-03T22:23:30 PST" finished-at="2020-02-03T22:23:43 PST">
    <groups>
    </groups>
    <test name="Default test" duration-ms="13272" started-at="2020-02-03T22:23:30 PST" finished-at="2020-02-03T22:23:43 PST">
      <class name="Test.Basics">
        <test-method status="PASS" signature="beforeTest()[pri:0, instance:Test.Basics@5abca1e0]" name="beforeTest" is-config="true" duration-ms="10" started-at="2020-02-03T22:23:30 PST" finished-at="2020-02-03T22:23:30 PST">
          <reporter-output>
          </reporter-output>
        </test-method> <!-- beforeTest -->
        <test-method status="PASS" signature="Demo()[pri:0, instance:Test.Basics@5abca1e0]" name="Demo" duration-ms="7224" started-at="2020-02-03T22:23:30 PST" finished-at="2020-02-03T22:23:37 PST">
          <reporter-output>
          </reporter-output>
        </test-method> <!-- Demo -->
        <test-method status="PASS" signature="SecondTest()[pri:0, instance:Test.Basics@5abca1e0]" name="SecondTest" duration-ms="1" started-at="2020-02-03T22:23:37 PST" finished-at="2020-02-03T22:23:37 PST">
          <reporter-output>
          </reporter-output>
        </test-method> <!-- SecondTest -->
        <test-method status="PASS" signature="Login()[pri:0, instance:Test.Basics@5abca1e0]" name="Login" duration-ms="6002" started-at="2020-02-03T22:23:37 PST" finished-at="2020-02-03T22:23:43 PST">
          <reporter-output>
          </reporter-output>
        </test-method> <!-- Login -->
      </class> <!-- Test.Basics -->
    </test> <!-- Default test -->
  </suite> <!-- Default suite -->
</testng-results>
